<?xml version="1.0" encoding="UTF-8"?>
<testsuite xmlns:xsi="http://www.w3.org/2001/XMLSchema-instance" xsi:noNamespaceSchemaLocation="https://maven.apache.org/surefire/maven-surefire-plugin/xsd/surefire-test-report.xsd" name="za.oo.wethinkcode.QuoteApiTests" time="1.493" tests="3" errors="0" skipped="0" failures="0">
  <properties>
[...]
</properties>
  <testcase name="create" classname="za.oo.wethinkcode.QuoteApiTests" time="0.987"/>
  <testcase name="getAllQuotes" classname="za.oo.wethinkcode.QuoteApiTests" time="0"/>
  <testcase name="getOneQuote" classname="za.oo.wethinkcode.QuoteApiTests" time="0.014"/>
</testsuite>